2025-08-28 01:20:36.129597: E external/local_xla/xla/stream_executor/cuda/cuda_fft.cc:467] Unable to register cuFFT factory: Attempting to register factory for plugin cuFFT when one has already been registered
WARNING: All log messages before absl::InitializeLog() is called are written to STDERR
E0000 00:00:1756344036.150743   42675 cuda_dnn.cc:8579] Unable to register cuDNN factory: Attempting to register factory for plugin cuDNN when one has already been registered
E0000 00:00:1756344036.157130   42675 cuda_blas.cc:1407] Unable to register cuBLAS factory: Attempting to register factory for plugin cuBLAS when one has already been registered
W0000 00:00:1756344036.173451   42675 computation_placer.cc:177] computation placer already registered. Please check linkage and avoid linking the same target more than once.
W0000 00:00:1756344036.173476   42675 computation_placer.cc:177] computation placer already registered. Please check linkage and avoid linking the same target more than once.
W0000 00:00:1756344036.173478   42675 computation_placer.cc:177] computation placer already registered. Please check linkage and avoid linking the same target more than once.
W0000 00:00:1756344036.173481   42675 computation_placer.cc:177] computation placer already registered. Please check linkage and avoid linking the same target more than once.
2025-08-28 01:20:36.178065: I tensorflow/core/platform/cpu_feature_guard.cc:210] This TensorFlow binary is optimized to use available CPU instructions in performance-critical operations.
To enable the following instructions: AVX2 AVX512F FMA, in other operations, rebuild TensorFlow with the appropriate compiler flags.
Working with deepseek-ai/deepseek-coder-6.7b-instruct prompt type False...
Loading checkpoint shards:   0%|          | 0/2 [00:00<?, ?it/s]Loading checkpoint shards:  50%|█████     | 1/2 [01:00<01:00, 60.70s/it]Loading checkpoint shards: 100%|██████████| 2/2 [01:21<00:00, 37.44s/it]Loading checkpoint shards: 100%|██████████| 2/2 [01:21<00:00, 40.93s/it]
The following generation flags are not valid and may be ignored: ['temperature']. Set `TRANSFORMERS_VERBOSITY=info` for more details.
Setting `pad_token_id` to `eos_token_id`:32021 for open-end generation.
============================= test session starts ==============================
platform linux -- Python 3.12.11, pytest-8.4.1, pluggy-1.6.0
rootdir: /content/CS598JBR-Team-0/MP2
plugins: cov-6.2.1, langsmith-0.4.16, anyio-4.10.0, typeguard-4.4.4
collected 1 item

MP2/Testing_Info/False/156_test.py .                                     [100%]

================================ tests coverage ================================
_______________ coverage: platform linux, python 3.12.11-final-0 _______________

Coverage JSON written to file MP2/Coverage/False/156_report.json
============================== 1 passed in 0.08s ===============================
The following generation flags are not valid and may be ignored: ['temperature']. Set `TRANSFORMERS_VERBOSITY=info` for more details.
Setting `pad_token_id` to `eos_token_id`:32021 for open-end generation.
============================= test session starts ==============================
platform linux -- Python 3.12.11, pytest-8.4.1, pluggy-1.6.0
rootdir: /content/CS598JBR-Team-0/MP2
plugins: cov-6.2.1, langsmith-0.4.16, anyio-4.10.0, typeguard-4.4.4
collected 3 items

MP2/Testing_Info/False/11_test.py .FF                                    [100%]

=================================== FAILURES ===================================
______________________ test_string_xor_different_lengths _______________________

    def test_string_xor_different_lengths():
>       with pytest.raises(ValueError):
             ^^^^^^^^^^^^^^^^^^^^^^^^^
E       Failed: DID NOT RAISE <class 'ValueError'>

MP2/Testing_Info/False/11_test.py:13: Failed
______________________ test_string_xor_non_binary_inputs _______________________

    def test_string_xor_non_binary_inputs():
>       with pytest.raises(ValueError):
             ^^^^^^^^^^^^^^^^^^^^^^^^^
E       Failed: DID NOT RAISE <class 'ValueError'>

MP2/Testing_Info/False/11_test.py:17: Failed
================================ tests coverage ================================
_______________ coverage: platform linux, python 3.12.11-final-0 _______________

Coverage JSON written to file MP2/Coverage/False/11_report.json
=========================== short test summary info ============================
FAILED MP2/Testing_Info/False/11_test.py::test_string_xor_different_lengths
FAILED MP2/Testing_Info/False/11_test.py::test_string_xor_non_binary_inputs
========================= 2 failed, 1 passed in 0.07s ==========================
The following generation flags are not valid and may be ignored: ['temperature']. Set `TRANSFORMERS_VERBOSITY=info` for more details.
Setting `pad_token_id` to `eos_token_id`:32021 for open-end generation.
============================= test session starts ==============================
platform linux -- Python 3.12.11, pytest-8.4.1, pluggy-1.6.0
rootdir: /content/CS598JBR-Team-0/MP2
plugins: cov-6.2.1, langsmith-0.4.16, anyio-4.10.0, typeguard-4.4.4
collected 0 items

================================ tests coverage ================================
_______________ coverage: platform linux, python 3.12.11-final-0 _______________

Coverage JSON written to file MP2/Coverage/False/127_report.json
============================ no tests ran in 0.05s =============================
Command executed:  ['pytest', 'MP2/Testing_Info/False/156_test.py', '--cov=MP2/Testing_Info/False', '--cov-report=json:MP2/Coverage/False/156_report.json']
Task_ID HumanEval/156:
prompt:
You are an AI programming assistant, utilizing the DeepSeek Coder model, developed by DeepSeek Company, and you only answer questions related to computer science. For politically sensitive questions, security and privacy issues, and other non-computer science questions, you will refuse to answer.

###Instruction:
Generate a pytest test suite for the following code.
Only write the unit tests in the output. Do NOT include the text from the prompt or the instructions.

def int_to_mini_roman(number):
    """
    Given a positive integer, obtain its roman numeral equivalent as a string,
    and return it in lowercase.
    Restrictions: 1 <= num <= 1000

    Examples:
    >>> int_to_mini_roman(19) == 'xix'
    >>> int_to_mini_roman(152) == 'clii'
    >>> int_to_mini_roman(426) == 'cdxxvi'
    """
    num = [1, 4, 5, 9, 10, 40, 50, 90,  
           100, 400, 500, 900, 1000] 
    sym = ["I", "IV", "V", "IX", "X", "XL",  
           "L", "XC", "C", "CD", "D", "CM", "M"] 
    i = 12
    res = ''
    while number: 
        div = number // num[i] 
        number %= num[i] 
        while div: 
            res += sym[i] 
            div -= 1
        i -= 1
    return res.lower()

###Response
response:
You are an AI programming assistant, utilizing the DeepSeek Coder model, developed by DeepSeek Company, and you only answer questions related to computer science. For politically sensitive questions, security and privacy issues, and other non-computer science questions, you will refuse to answer.

###Instruction:
Generate a pytest test suite for the following code.
Only write the unit tests in the output. Do NOT include the text from the prompt or the instructions.

def int_to_mini_roman(number):
    """
    Given a positive integer, obtain its roman numeral equivalent as a string,
    and return it in lowercase.
    Restrictions: 1 <= num <= 1000

    Examples:
    >>> int_to_mini_roman(19) == 'xix'
    >>> int_to_mini_roman(152) == 'clii'
    >>> int_to_mini_roman(426) == 'cdxxvi'
    """
    num = [1, 4, 5, 9, 10, 40, 50, 90,  
           100, 400, 500, 900, 1000] 
    sym = ["I", "IV", "V", "IX", "X", "XL",  
           "L", "XC", "C", "CD", "D", "CM", "M"] 
    i = 12
    res = ''
    while number: 
        div = number // num[i] 
        number %= num[i] 
        while div: 
            res += sym[i] 
            div -= 1
        i -= 1
    return res.lower()

###Response:
Here is a pytest test suite for the given code:

```python
import pytest
from your_module import int_to_mini_roman  # replace 'your_module' with the name of the module containing the function

def test_int_to_mini_roman():
    assert int_to_mini_roman(19) == 'xix'
    assert int_to_mini_roman(152) == 'clii'
    assert int_to_mini_roman(426) == 'cdxxvi'
    assert int_to_mini_roman(1000) == 'm'
    assert int_to_mini_roman(999) == 'cmxcix'
    assert int_to_mini_roman(587) == 'dlxxxvii'
    assert int_to_mini_roman(375) == 'ccclxxv'
    assert int_to_mini_roman(249) == 'ccxlix'
    assert int_to_mini_roman(123) == 'cxxiii'
    assert int_to_mini_roman(67) == 'lxvii'
    assert int_to_mini_roman(45) == 'xlv'
    assert int_to_mini_roman(29) == 'xxix'
    assert int_to_mini_roman(14) == 'xiv'
    assert int_to_mini_roman(9) == 'ix'
    assert int_to_mini_roman(5) == 'v'
    assert int_to_mini_roman(4) == 'iv'
    assert int_to_mini_roman(1) == 'i'
```

Please replace 'your_module' with the actual name of the module containing the function. This test suite covers a range of numbers from 1 to 1000, including edge cases.

coverage:
100.0
Command executed:  ['pytest', 'MP2/Testing_Info/False/11_test.py', '--cov=MP2/Testing_Info/False', '--cov-report=json:MP2/Coverage/False/11_report.json']
Task_ID HumanEval/11:
prompt:
You are an AI programming assistant, utilizing the DeepSeek Coder model, developed by DeepSeek Company, and you only answer questions related to computer science. For politically sensitive questions, security and privacy issues, and other non-computer science questions, you will refuse to answer.

###Instruction:
Generate a pytest test suite for the following code.
Only write the unit tests in the output. Do NOT include the text from the prompt or the instructions.
from typing import List


def string_xor(a: str, b: str) -> str:
    """ Input are two strings a and b consisting only of 1s and 0s.
    Perform binary XOR on these inputs and return result also as a string.
    >>> string_xor('010', '110')
    '100'
    """
    def xor(i, j):
        if i == j:
            return '0'
        else:
            return '1'

    return ''.join(xor(x, y) for x, y in zip(a, b))

###Response
response:
You are an AI programming assistant, utilizing the DeepSeek Coder model, developed by DeepSeek Company, and you only answer questions related to computer science. For politically sensitive questions, security and privacy issues, and other non-computer science questions, you will refuse to answer.

###Instruction:
Generate a pytest test suite for the following code.
Only write the unit tests in the output. Do NOT include the text from the prompt or the instructions.
from typing import List


def string_xor(a: str, b: str) -> str:
    """ Input are two strings a and b consisting only of 1s and 0s.
    Perform binary XOR on these inputs and return result also as a string.
    >>> string_xor('010', '110')
    '100'
    """
    def xor(i, j):
        if i == j:
            return '0'
        else:
            return '1'

    return ''.join(xor(x, y) for x, y in zip(a, b))

###Response:
Here is a pytest test suite for the given code:

```python
import pytest
from your_module import string_xor  # replace 'your_module' with the name of the module where the function is defined

def test_string_xor():
    assert string_xor('010', '110') == '100'
    assert string_xor('101', '001') == '100'
    assert string_xor('111', '111') == '000'
    assert string_xor('0', '0') == '0'
    assert string_xor('1', '1') == '0'
    assert string_xor('', '') == ''

def test_string_xor_different_lengths():
    with pytest.raises(ValueError):
        string_xor('101', '1010')

def test_string_xor_non_binary_inputs():
    with pytest.raises(ValueError):
        string_xor('102', '101')
    with pytest.raises(ValueError):
        string_xor('101', '102')
```

This test suite includes several tests:

- `test_string_xor` tests the function with various inputs and expected outputs.
- `test_string_xor_different_lengths` tests the function with strings of different lengths, which should raise a ValueError.
- `test_string_xor_non_binary_inputs` tests the function with non-binary inputs, which should also raise a ValueError.

coverage:
100.0
Command executed:  ['pytest', 'MP2/Testing_Info/False/127_test.py', '--cov=MP2/Testing_Info/False', '--cov-report=json:MP2/Coverage/False/127_report.json']
Task_ID HumanEval/127:
prompt:
You are an AI programming assistant, utilizing the DeepSeek Coder model, developed by DeepSeek Company, and you only answer questions related to computer science. For politically sensitive questions, security and privacy issues, and other non-computer science questions, you will refuse to answer.

###Instruction:
Generate a pytest test suite for the following code.
Only write the unit tests in the output. Do NOT include the text from the prompt or the instructions.

def intersection(interval1, interval2):
    """You are given two intervals,
    where each interval is a pair of integers. For example, interval = (start, end) = (1, 2).
    The given intervals are closed which means that the interval (start, end)
    includes both start and end.
    For each given interval, it is assumed that its start is less or equal its end.
    Your task is to determine whether the length of intersection of these two 
    intervals is a prime number.
    Example, the intersection of the intervals (1, 3), (2, 4) is (2, 3)
    which its length is 1, which not a prime number.
    If the length of the intersection is a prime number, return "YES",
    otherwise, return "NO".
    If the two intervals don't intersect, return "NO".


    [input/output] samples:
    intersection((1, 2), (2, 3)) ==> "NO"
    intersection((-1, 1), (0, 4)) ==> "NO"
    intersection((-3, -1), (-5, 5)) ==> "YES"
    """
    def is_prime(num):
        if num == 1 or num == 0:
            return False
        if num == 2:
            return True
        for i in range(2, num):
            if num%i == 0:
                return False
        return True

    l = max(interval1[0], interval2[0])
    r = min(interval1[1], interval2[1])
    length = r - l
    if length > 0 and is_prime(length):
        return "YES"
    return "NO"

###Response
response:
You are an AI programming assistant, utilizing the DeepSeek Coder model, developed by DeepSeek Company, and you only answer questions related to computer science. For politically sensitive questions, security and privacy issues, and other non-computer science questions, you will refuse to answer.

###Instruction:
Generate a pytest test suite for the following code.
Only write the unit tests in the output. Do NOT include the text from the prompt or the instructions.

def intersection(interval1, interval2):
    """You are given two intervals,
    where each interval is a pair of integers. For example, interval = (start, end) = (1, 2).
    The given intervals are closed which means that the interval (start, end)
    includes both start and end.
    For each given interval, it is assumed that its start is less or equal its end.
    Your task is to determine whether the length of intersection of these two 
    intervals is a prime number.
    Example, the intersection of the intervals (1, 3), (2, 4) is (2, 3)
    which its length is 1, which not a prime number.
    If the length of the intersection is a prime number, return "YES",
    otherwise, return "NO".
    If the two intervals don't intersect, return "NO".


    [input/output] samples:
    intersection((1, 2), (2, 3)) ==> "NO"
    intersection((-1, 1), (0, 4)) ==> "NO"
    intersection((-3, -1), (-5, 5)) ==> "YES"
    """
    def is_prime(num):
        if num == 1 or num == 0:
            return False
        if num == 2:
            return True
        for i in range(2, num):
            if num%i == 0:
                return False
        return True

    l = max(interval1[0], interval2[0])
    r = min(interval1[1], interval2[1])
    length = r - l
    if length > 0 and is_prime(length):
        return "YES"
    return "NO"

###Response:
def test_intersection():
    assert intersection((1, 2), (2, 3)) == "NO"
    assert intersection((-1, 1), (0, 4)) == "NO"
    assert intersection((-3, -1), (-5, 5)) == "YES"
    assert intersection((1, 3), (2, 4)) == "NO"
    assert intersection((1, 2), (2, 4)) == "YES"
    assert intersection((1, 3), (1, 3)) == "YES"
    assert intersection((1, 2), (1, 2)) == "YES"
    assert intersection((1, 2), (3, 4)) == "NO"
    assert intersection((1, 3), (2, 4)) == "YES"
    assert intersection((1, 2), (3, 5)) == "NO"
    assert intersection((1, 3), (2, 5)) == "YES"
    assert intersection((1, 2), (4, 5)) == "NO"
    assert intersection((1, 3), (4, 5)) == "NO"
    assert intersection((1, 2), (5, 6)) == "NO"
    assert intersection((1, 3), (5, 6)) == "NO"
    assert intersection((1, 2), (6, 7)) == "NO"
    assert intersection((1, 3), (6, 7)) == "NO"
    assert intersection((1, 2), (7, 8)) == "NO"
    assert intersection((1, 3), (7, 8)) == "NO"
    assert intersection((1, 2), (8, 9)) == "NO"
    assert intersection((1, 3), (8, 9)) == "NO"
    assert intersection((1, 2), (9, 10)) == "NO"
    assert intersection((1, 3), (9, 10)) == "NO"
    assert intersection((1, 2), (10, 11)) == "NO"
coverage:
0.0The following generation flags are not valid and may be ignored: ['temperature']. Set `TRANSFORMERS_VERBOSITY=info` for more details.
Setting `pad_token_id` to `eos_token_id`:32021 for open-end generation.
============================= test session starts ==============================
platform linux -- Python 3.12.11, pytest-8.4.1, pluggy-1.6.0
rootdir: /content/CS598JBR-Team-0/MP2
plugins: cov-6.2.1, langsmith-0.4.16, anyio-4.10.0, typeguard-4.4.4
collected 1 item

MP2/Testing_Info/False/7_test.py F                                       [100%]

=================================== FAILURES ===================================
___________________________ test_filter_by_substring ___________________________

    def test_filter_by_substring():
        assert filter_by_substring(['abc', 'bacd', 'cde', 'array'], 'a') == ['abc', 'bacd', 'array']
>       assert filter_by_substring(['hello', 'world', 'pytest', 'unittest'], 't') == ['hello', 'pytest', 'unittest']
E       AssertionError: assert ['pytest', 'unittest'] == ['hello', 'py...', 'unittest']
E         
E         At index 0 diff: 'pytest' != 'hello'
E         Right contains one more item: 'unittest'
E         Use -v to get more diff

MP2/Testing_Info/False/7_test.py:15: AssertionError
================================ tests coverage ================================
_______________ coverage: platform linux, python 3.12.11-final-0 _______________

Coverage JSON written to file MP2/Coverage/False/7_report.json
=========================== short test summary info ============================
FAILED MP2/Testing_Info/False/7_test.py::test_filter_by_substring - Assertion...
============================== 1 failed in 0.12s ===============================
The following generation flags are not valid and may be ignored: ['temperature']. Set `TRANSFORMERS_VERBOSITY=info` for more details.
Setting `pad_token_id` to `eos_token_id`:32021 for open-end generation.
============================= test session starts ==============================
platform linux -- Python 3.12.11, pytest-8.4.1, pluggy-1.6.0
rootdir: /content/CS598JBR-Team-0/MP2
plugins: cov-6.2.1, langsmith-0.4.16, anyio-4.10.0, typeguard-4.4.4
collected 1 item

MP2/Testing_Info/False/145_test.py F                                     [100%]

=================================== FAILURES ===================================
_____________________________ test_order_by_points _____________________________

    def test_order_by_points():
        assert order_by_points([1, 11, -1, -11, -12]) == [-1, -11, 1, -12, 11]
>       assert order_by_points([15, 2, 12, 1]) == [12, 15, 2, 1]  # test with positive numbers
        ^^^^^^^^^^^^^^^^^^^^^^^^^^^^^^^^^^^^^^^^^^^^^^^^^^^^^^^^
E       assert [1, 2, 12, 15] == [12, 15, 2, 1]
E         
E         At index 0 diff: 1 != 12
E         Use -v to get more diff

MP2/Testing_Info/False/145_test.py:6: AssertionError
================================ tests coverage ================================
_______________ coverage: platform linux, python 3.12.11-final-0 _______________

Coverage JSON written to file MP2/Coverage/False/145_report.json
=========================== short test summary info ============================
FAILED MP2/Testing_Info/False/145_test.py::test_order_by_points - assert [1, ...
============================== 1 failed in 0.08s ===============================
The following generation flags are not valid and may be ignored: ['temperature']. Set `TRANSFORMERS_VERBOSITY=info` for more details.
Setting `pad_token_id` to `eos_token_id`:32021 for open-end generation.
============================= test session starts ==============================
platform linux -- Python 3.12.11, pytest-8.4.1, pluggy-1.6.0
rootdir: /content/CS598JBR-Team-0/MP2
plugins: cov-6.2.1, langsmith-0.4.16, anyio-4.10.0, typeguard-4.4.4
collected 1 item

MP2/Testing_Info/False/6_test.py F                                       [100%]

=================================== FAILURES ===================================
___________________________ test_parse_nested_parens ___________________________

    def test_parse_nested_parens():
>       assert parse_nested_parens('(()())') == 2
E       AssertionError: assert [2] == 2
E        +  where [2] = parse_nested_parens('(()())')

MP2/Testing_Info/False/6_test.py:6: AssertionError
================================ tests coverage ================================
_______________ coverage: platform linux, python 3.12.11-final-0 _______________

Coverage JSON written to file MP2/Coverage/False/6_report.json
=========================== short test summary info ============================
FAILED MP2/Testing_Info/False/6_test.py::test_parse_nested_parens - Assertion...
============================== 1 failed in 0.09s ===============================

Command executed:  ['pytest', 'MP2/Testing_Info/False/7_test.py', '--cov=MP2/Testing_Info/False', '--cov-report=json:MP2/Coverage/False/7_report.json']
Task_ID HumanEval/7:
prompt:
You are an AI programming assistant, utilizing the DeepSeek Coder model, developed by DeepSeek Company, and you only answer questions related to computer science. For politically sensitive questions, security and privacy issues, and other non-computer science questions, you will refuse to answer.

###Instruction:
Generate a pytest test suite for the following code.
Only write the unit tests in the output. Do NOT include the text from the prompt or the instructions.
from typing import List


def filter_by_substring(strings: List[str], substring: str) -> List[str]:
    """ Filter an input list of strings only for ones that contain given substring
    >>> filter_by_substring([], 'a')
    []
    >>> filter_by_substring(['abc', 'bacd', 'cde', 'array'], 'a')
    ['abc', 'bacd', 'array']
    """
    return [x for x in strings if substring in x]

###Response
response:
You are an AI programming assistant, utilizing the DeepSeek Coder model, developed by DeepSeek Company, and you only answer questions related to computer science. For politically sensitive questions, security and privacy issues, and other non-computer science questions, you will refuse to answer.

###Instruction:
Generate a pytest test suite for the following code.
Only write the unit tests in the output. Do NOT include the text from the prompt or the instructions.
from typing import List


def filter_by_substring(strings: List[str], substring: str) -> List[str]:
    """ Filter an input list of strings only for ones that contain given substring
    >>> filter_by_substring([], 'a')
    []
    >>> filter_by_substring(['abc', 'bacd', 'cde', 'array'], 'a')
    ['abc', 'bacd', 'array']
    """
    return [x for x in strings if substring in x]

###Response:
Here is a pytest test suite for the given code:

```python
import pytest
from typing import List

def filter_by_substring(strings: List[str], substring: str) -> List[str]:
    """ Filter an input list of strings only for ones that contain given substring
    >>> filter filter_by_substring([], 'a')
    []
    >>> filter filter_by_substring(['abc', 'bacd', 'cde', 'array'], 'a')
    ['abc', 'bacd', 'array']
    """
    return [x for x in strings if substring in x]

def test_filter_by_substring():
    assert filter_by_substring(['abc', 'bacd', 'cde', 'array'], 'a') == ['abc', 'bacd', 'array']
    assert filter_by_substring(['hello', 'world', 'pytest', 'unittest'], 't') == ['hello', 'pytest', 'unittest']
    assert filter_by_substring(['test', 'example', 'none'], 'x') == ['example']
    assert filter_by_substring(['test', 'example', 'none'], 'z') == []
    assert filter_by_substring([], 'a') == []
```

This test suite includes several test cases to cover different scenarios. It tests the function with different inputs and checks if the output is as expected.

coverage:
66.66666666666667
Command executed:  ['pytest', 'MP2/Testing_Info/False/145_test.py', '--cov=MP2/Testing_Info/False', '--cov-report=json:MP2/Coverage/False/145_report.json']
Task_ID HumanEval/145:
prompt:
You are an AI programming assistant, utilizing the DeepSeek Coder model, developed by DeepSeek Company, and you only answer questions related to computer science. For politically sensitive questions, security and privacy issues, and other non-computer science questions, you will refuse to answer.

###Instruction:
Generate a pytest test suite for the following code.
Only write the unit tests in the output. Do NOT include the text from the prompt or the instructions.

def order_by_points(nums):
    """
    Write a function which sorts the given list of integers
    in ascending order according to the sum of their digits.
    Note: if there are several items with similar sum of their digits,
    order them based on their index in original list.

    For example:
    >>> order_by_points([1, 11, -1, -11, -12]) == [-1, -11, 1, -12, 11]
    >>> order_by_points([]) == []
    """
    def digits_sum(n):
        neg = 1
        if n < 0: n, neg = -1 * n, -1 
        n = [int(i) for i in str(n)]
        n[0] = n[0] * neg
        return sum(n)
    return sorted(nums, key=digits_sum)

###Response
response:
You are an AI programming assistant, utilizing the DeepSeek Coder model, developed by DeepSeek Company, and you only answer questions related to computer science. For politically sensitive questions, security and privacy issues, and other non-computer science questions, you will refuse to answer.

###Instruction:
Generate a pytest test suite for the following code.
Only write the unit tests in the output. Do NOT include the text from the prompt or the instructions.

def order_by_points(nums):
    """
    Write a function which sorts the given list of integers
    in ascending order according to the sum of their digits.
    Note: if there are several items with similar sum of their digits,
    order them based on their index in original list.

    For example:
    >>> order_by_points([1, 11, -1, -11, -12]) == [-1, -11, 1, -12, 11]
    >>> order_by_points([]) == []
    """
    def digits_sum(n):
        neg = 1
        if n < 0: n, neg = -1 * n, -1 
        n = [int(i) for i in str(n)]
        n[0] = n[0] * neg
        return sum(n)
    return sorted(nums, key=digits_sum)

###Response:
Here is a pytest test suite for the given code:

```python
import pytest
from your_module import order_by_points  # replace 'your_module' with the name of the module where the function is defined

def test_order_by_points():
    assert order_by_points([1, 11, -1, -11, -12]) == [-1, -11, 1, -12, 11]
    assert order_by_points([15, 2, 12, 1]) == [12, 15, 2, 1]  # test with positive numbers
    assert order_by_points([-15, -2, -12, -1]) == [-1, -2, -12, -15]  # test with negative numbers
    assert order_by_points([]) == []  # test with empty list
    assert order_by_points([111, 222, 333]) == [111, 222, 333]  # test with numbers having same digits sum
    assert order_by_points([111, 22, 3333]) == [22, 111, 3333]  # test with numbers having different digits sum
```

You can run these tests using pytest. Make sure to replace 'your_module' with the actual name of the module where the function is defined.

coverage:
100.0
Command executed:  ['pytest', 'MP2/Testing_Info/False/6_test.py', '--cov=MP2/Testing_Info/False', '--cov-report=json:MP2/Coverage/False/6_report.json']
Task_ID HumanEval/6:
prompt:
You are an AI programming assistant, utilizing the DeepSeek Coder model, developed by DeepSeek Company, and you only answer questions related to computer science. For politically sensitive questions, security and privacy issues, and other non-computer science questions, you will refuse to answer.

###Instruction:
Generate a pytest test suite for the following code.
Only write the unit tests in the output. Do NOT include the text from the prompt or the instructions.
from typing import List


def parse_nested_parens(paren_string: str) -> List[int]:
    """ Input to this function is a string represented multiple groups for nested parentheses separated by spaces.
    For each of the group, output the deepest level of nesting of parentheses.
    E.g. (()()) has maximum two levels of nesting while ((())) has three.

    >>> parse_nested_parens('(()()) ((())) () ((())()())')
    [2, 3, 1, 3]
    """
    def parse_paren_group(s):
        depth = 0
        max_depth = 0
        for c in s:
            if c == '(':
                depth += 1
                max_depth = max(depth, max_depth)
            else:
                depth -= 1

        return max_depth

    return [parse_paren_group(x) for x in paren_string.split(' ') if x]

###Response
response:
You are an AI programming assistant, utilizing the DeepSeek Coder model, developed by DeepSeek Company, and you only answer questions related to computer science. For politically sensitive questions, security and privacy issues, and other non-computer science questions, you will refuse to answer.

###Instruction:
Generate a pytest test suite for the following code.
Only write the unit tests in the output. Do NOT include the text from the prompt or the instructions.
from typing import List


def parse_nested_parens(paren_string: str) -> List[int]:
    """ Input to this function is a string represented multiple groups for nested parentheses separated by spaces.
    For each of the group, output the deepest level of nesting of parentheses.
    E.g. (()()) has maximum two levels of nesting while ((())) has three.

    >>> parse_nested_parens('(()()) ((())) () ((())()())')
    [2, 3, 1, 3]
    """
    def parse_paren_group(s):
        depth = 0
        max_depth = 0
        for c in s:
            if c == '(':
                depth += 1
                max_depth = max(depth, max_depth)
            else:
                depth -= 1

        return max_depth

    return [parse_paren_group(x) for x in paren_string.split(' ') if x]

###Response:
Here is a pytest test suite for the given code:

```python
import pytest
from your_module import parse_nested_parens  # replace 'your_module' with the name of the module where the function is defined


def test_parse_nested_parens():
    assert parse_nested_parens('(()())') == 2
    assert parse_nested_parens('((()))') == 3
    assert parse_nested_parens('()') == 1
    assert parse_nested_parens('((())()())') == 3
    assert parse_nested_parens('') == []
    assert parse_nested_parens(' ') == []
    assert parse_nested_parens('(() ()())') == 2
    assert parse_nested_parens('((()()()))') == 3
    assert parse_nested_parens('()()()()()') == 1
    assert parse_nested_parens('((((()))))') == 4
    assert parse_nested_parens('(()()(()()))') == 3
```

Please replace 'your_module' with the actual name of the module where the function is defined. The test cases are designed to cover a variety of scenarios, including different levels of nesting, empty strings, and strings with spaces.

coverage:
100.0The following generation flags are not valid and may be ignored: ['temperature']. Set `TRANSFORMERS_VERBOSITY=info` for more details.
Setting `pad_token_id` to `eos_token_id`:32021 for open-end generation.
============================= test session starts ==============================
platform linux -- Python 3.12.11, pytest-8.4.1, pluggy-1.6.0
rootdir: /content/CS598JBR-Team-0/MP2
plugins: cov-6.2.1, langsmith-0.4.16, anyio-4.10.0, typeguard-4.4.4
collected 1 item

MP2/Testing_Info/False/63_test.py .                                      [100%]

================================ tests coverage ================================
_______________ coverage: platform linux, python 3.12.11-final-0 _______________

Coverage JSON written to file MP2/Coverage/False/63_report.json
============================== 1 passed in 0.09s ===============================
The following generation flags are not valid and may be ignored: ['temperature']. Set `TRANSFORMERS_VERBOSITY=info` for more details.
Setting `pad_token_id` to `eos_token_id`:32021 for open-end generation.
============================= test session starts ==============================
platform linux -- Python 3.12.11, pytest-8.4.1, pluggy-1.6.0
rootdir: /content/CS598JBR-Team-0/MP2
plugins: cov-6.2.1, langsmith-0.4.16, anyio-4.10.0, typeguard-4.4.4
collected 1 item

MP2/Testing_Info/False/17_test.py F                                      [100%]

=================================== FAILURES ===================================
_______________________________ test_parse_music _______________________________

    def test_parse_music():
        assert parse_music('o o| .| o| o| .| .| .| .| o o') == [4, 2, 1, 2, 2, 1, 1, 1, 1, 4, 4]
        assert parse_music('o| o| o| o|') == [2, 2, 2, 2]
>       assert parse_music('o o o o o') == [4, 4, 4, 4]
E       assert [4, 4, 4, 4, 4] == [4, 4, 4, 4]
E         
E         Left contains one more item: 4
E         Use -v to get more diff

MP2/Testing_Info/False/17_test.py:8: AssertionError
================================ tests coverage ================================
_______________ coverage: platform linux, python 3.12.11-final-0 _______________

Coverage JSON written to file MP2/Coverage/False/17_report.json
=========================== short test summary info ============================
FAILED MP2/Testing_Info/False/17_test.py::test_parse_music - assert [4, 4, 4,...
============================== 1 failed in 0.09s ===============================
The following generation flags are not valid and may be ignored: ['temperature']. Set `TRANSFORMERS_VERBOSITY=info` for more details.
Setting `pad_token_id` to `eos_token_id`:32021 for open-end generation.
============================= test session starts ==============================
platform linux -- Python 3.12.11, pytest-8.4.1, pluggy-1.6.0
rootdir: /content/CS598JBR-Team-0/MP2
plugins: cov-6.2.1, langsmith-0.4.16, anyio-4.10.0, typeguard-4.4.4
collected 0 items

================================ tests coverage ================================
_______________ coverage: platform linux, python 3.12.11-final-0 _______________

Coverage JSON written to file MP2/Coverage/False/61_report.json
============================ no tests ran in 0.08s =============================

Command executed:  ['pytest', 'MP2/Testing_Info/False/63_test.py', '--cov=MP2/Testing_Info/False', '--cov-report=json:MP2/Coverage/False/63_report.json']
Task_ID HumanEval/63:
prompt:
You are an AI programming assistant, utilizing the DeepSeek Coder model, developed by DeepSeek Company, and you only answer questions related to computer science. For politically sensitive questions, security and privacy issues, and other non-computer science questions, you will refuse to answer.

###Instruction:
Generate a pytest test suite for the following code.
Only write the unit tests in the output. Do NOT include the text from the prompt or the instructions.


def fibfib(n: int):
    """The FibFib number sequence is a sequence similar to the Fibbonacci sequnece that's defined as follows:
    fibfib(0) == 0
    fibfib(1) == 0
    fibfib(2) == 1
    fibfib(n) == fibfib(n-1) + fibfib(n-2) + fibfib(n-3).
    Please write a function to efficiently compute the n-th element of the fibfib number sequence.
    >>> fibfib(1)
    0
    >>> fibfib(5)
    4
    >>> fibfib(8)
    24
    """
    if n == 0:
        return 0
    if n == 1:
        return 0
    if n == 2:
        return 1
    return fibfib(n - 1) + fibfib(n - 2) + fibfib(n - 3)

###Response
response:
You are an AI programming assistant, utilizing the DeepSeek Coder model, developed by DeepSeek Company, and you only answer questions related to computer science. For politically sensitive questions, security and privacy issues, and other non-computer science questions, you will refuse to answer.

###Instruction:
Generate a pytest test suite for the following code.
Only write the unit tests in the output. Do NOT include the text from the prompt or the instructions.


def fibfib(n: int):
    """The FibFib number sequence is a sequence similar to the Fibbonacci sequnece that's defined as follows:
    fibfib(0) == 0
    fibfib(1) == 0
    fibfib(2) == 1
    fibfib(n) == fibfib(n-1) + fibfib(n-2) + fibfib(n-3).
    Please write a function to efficiently compute the n-th element of the fibfib number sequence.
    >>> fibfib(1)
    0
    >>> fibfib(5)
    4
    >>> fibfib(8)
    24
    """
    if n == 0:
        return 0
    if n == 1:
        return 0
    if n == 2:
        return 1
    return fibfib(n - 1) + fibfib(n - 2) + fibfib(n - 3)

###Response
Here is a pytest test suite for the given code:

```python
import pytest

def fibfib(n: int):
    if n == 0:
        return 0
    if n == 1:
        return 0
    if n == 2:
        return 1
    return fibfib(n - 1) + fibfib(n - 2) + fibfib(n - 3)

def test_fibfib():
    assert fibfib(0) == 0
    assert fibfib(1) == 0
    assert fibfib(2) == 1
    assert fibfib(5) == 4
    assert fibfib(8) == 24
```

This test suite includes a series of tests to ensure that the `fibfib` function is working as expected. It tests the function with a range of inputs to ensure that it is correctly computing the n-th element of the fibfib number sequence.

coverage:
0.0
Command executed:  ['pytest', 'MP2/Testing_Info/False/17_test.py', '--cov=MP2/Testing_Info/False', '--cov-report=json:MP2/Coverage/False/17_report.json']
Task_ID HumanEval/17:
prompt:
You are an AI programming assistant, utilizing the DeepSeek Coder model, developed by DeepSeek Company, and you only answer questions related to computer science. For politically sensitive questions, security and privacy issues, and other non-computer science questions, you will refuse to answer.

###Instruction:
Generate a pytest test suite for the following code.
Only write the unit tests in the output. Do NOT include the text from the prompt or the instructions.
from typing import List


def parse_music(music_string: str) -> List[int]:
    """ Input to this function is a string representing musical notes in a special ASCII format.
    Your task is to parse this string and return list of integers corresponding to how many beats does each
    not last.

    Here is a legend:
    'o' - whole note, lasts four beats
    'o|' - half note, lasts two beats
    '.|' - quater note, lasts one beat

    >>> parse_music('o o| .| o| o| .| .| .| .| o o')
    [4, 2, 1, 2, 2, 1, 1, 1, 1, 4, 4]
    """
    note_map = {'o': 4, 'o|': 2, '.|': 1}
    return [note_map[x] for x in music_string.split(' ') if x]

###Response
response:
You are an AI programming assistant, utilizing the DeepSeek Coder model, developed by DeepSeek Company, and you only answer questions related to computer science. For politically sensitive questions, security and privacy issues, and other non-computer science questions, you will refuse to answer.

###Instruction:
Generate a pytest test suite for the following code.
Only write the unit tests in the output. Do NOT include the text from the prompt or the instructions.
from typing import List


def parse_music(music_string: str) -> List[int]:
    """ Input to this function is a string representing musical notes in a special ASCII format.
    Your task is to parse this string and return list of integers corresponding to how many beats does each
    not last.

    Here is a legend:
    'o' - whole note, lasts four beats
    'o|' - half note, lasts two beats
    '.|' - quater note, lasts one beat

    >>> parse_music('o o| .| o| o| .| .| .| .| o o')
    [4, 2, 1, 2, 2, 1, 1, 1, 1, 4, 4]
    """
    note_map = {'o': 4, 'o|': 2, '.|': 1}
    return [note_map[x] for x in music_string.split(' ') if x]

###Response:
Here is the pytest test suite for the given code:

```python
import pytest
from your_module import parse_music  # replace 'your_module' with the name of the module where the function is defined


def test_parse_music():
    assert parse_music('o o| .| o| o| .| .| .| .| o o') == [4, 2, 1, 2, 2, 1, 1, 1, 1, 4, 4]
    assert parse_music('o| o| o| o|') == [2, 2, 2, 2]
    assert parse_music('o o o o o') == [4, 4, 4, 4]
    assert parse_music('') == []
    assert parse_music('o o| .| o| o| .| .| .| .| o o .|') == [4, 2, 1, 2, 2, 1, 1, 1, 1, 4, 4, 1]


if __name__ == "__main__":
    pytest.main()
```

This test suite includes several test cases to cover different scenarios. It tests the function with various inputs and checks if the output is as expected.

coverage:
100.0
Command executed:  ['pytest', 'MP2/Testing_Info/False/61_test.py', '--cov=MP2/Testing_Info/False', '--cov-report=json:MP2/Coverage/False/61_report.json']
Task_ID HumanEval/61:
prompt:
You are an AI programming assistant, utilizing the DeepSeek Coder model, developed by DeepSeek Company, and you only answer questions related to computer science. For politically sensitive questions, security and privacy issues, and other non-computer science questions, you will refuse to answer.

###Instruction:
Generate a pytest test suite for the following code.
Only write the unit tests in the output. Do NOT include the text from the prompt or the instructions.


def correct_bracketing(brackets: str):
    """ brackets is a string of "(" and ")".
    return True if every opening bracket has a corresponding closing bracket.

    >>> correct_bracketing("(")
    False
    >>> correct_bracketing("()")
    True
    >>> correct_bracketing("(()())")
    True
    >>> correct_bracketing(")(()")
    False
    """
    depth = 0
    for b in brackets:
        if b == "(":
            depth += 1
        else:
            depth -= 1
        if depth < 0:
            return False
    return depth == 0

###Response
response:
You are an AI programming assistant, utilizing the DeepSeek Coder model, developed by DeepSeek Company, and you only answer questions related to computer science. For politically sensitive questions, security and privacy issues, and other non-computer science questions, you will refuse to answer.

###Instruction:
Generate a pytest test suite for the following code.
Only write the unit tests in the output. Do NOT include the text from the prompt or the instructions.


def correct_bracketing(brackets: str):
    """ brackets is a string of "(" and ")".
    return True if every opening bracket has a corresponding closing bracket.

    >>> correct_bracketing("(")
    False
    >>> correct_bracketing("()")
    True
    >>> correct_bracketing("(()())")
    True
    >>> correct_bracketing(")(()")
    False
    """
    depth = 0
    for b in brackets:
        if b == "(":
            depth += 1
        else:
            depth -= 1
        if depth < 0:
            return False
    return depth == 0

###Response
def test_correct_bracketing():
    assert correct_bracketing("(") == False
    assert correct_bracketing("()") == True
    assert correct_bracketing("(()())") == True
    assert correct_bracketing(")(()") == False

coverage:
0.0The following generation flags are not valid and may be ignored: ['temperature']. Set `TRANSFORMERS_VERBOSITY=info` for more details.
Setting `pad_token_id` to `eos_token_id`:32021 for open-end generation.
============================= test session starts ==============================
platform linux -- Python 3.12.11, pytest-8.4.1, pluggy-1.6.0
rootdir: /content/CS598JBR-Team-0/MP2
plugins: cov-6.2.1, langsmith-0.4.16, anyio-4.10.0, typeguard-4.4.4
collected 0 items

================================ tests coverage ================================
_______________ coverage: platform linux, python 3.12.11-final-0 _______________

Coverage JSON written to file MP2/Coverage/False/66_report.json
============================ no tests ran in 0.08s =============================
The following generation flags are not valid and may be ignored: ['temperature']. Set `TRANSFORMERS_VERBOSITY=info` for more details.
Setting `pad_token_id` to `eos_token_id`:32021 for open-end generation.
============================= test session starts ==============================
platform linux -- Python 3.12.11, pytest-8.4.1, pluggy-1.6.0
rootdir: /content/CS598JBR-Team-0/MP2
plugins: cov-6.2.1, langsmith-0.4.16, anyio-4.10.0, typeguard-4.4.4
collected 0 items

================================ tests coverage ================================
_______________ coverage: platform linux, python 3.12.11-final-0 _______________

Coverage JSON written to file MP2/Coverage/False/104_report.json
============================ no tests ran in 0.08s =============================
The following generation flags are not valid and may be ignored: ['temperature']. Set `TRANSFORMERS_VERBOSITY=info` for more details.
Setting `pad_token_id` to `eos_token_id`:32021 for open-end generation.
============================= test session starts ==============================
platform linux -- Python 3.12.11, pytest-8.4.1, pluggy-1.6.0
rootdir: /content/CS598JBR-Team-0/MP2
plugins: cov-6.2.1, langsmith-0.4.16, anyio-4.10.0, typeguard-4.4.4
collected 1 item

MP2/Testing_Info/False/137_test.py F                                     [100%]

=================================== FAILURES ===================================
_______________________________ test_compare_one _______________________________

    def test_compare_one():
        assert compare_one(1, 2.5) == 2.5
        assert compare_one(1, "2,3") == "2,3"
        assert compare_one("5,1", "6") == "6"
        assert compare_one("1", 1) == None
        assert compare_one(10, 2) == 10
        assert compare_one("1.5", "2,3") == "2,3"
>       assert compare_one("5,1", 6) == "6"
E       AssertionError: assert 6 == '6'
E        +  where 6 = compare_one('5,1', 6)

MP2/Testing_Info/False/137_test.py:11: AssertionError
================================ tests coverage ================================
_______________ coverage: platform linux, python 3.12.11-final-0 _______________

Coverage JSON written to file MP2/Coverage/False/137_report.json
=========================== short test summary info ============================
FAILED MP2/Testing_Info/False/137_test.py::test_compare_one - AssertionError:...
============================== 1 failed in 0.12s ===============================

Command executed:  ['pytest', 'MP2/Testing_Info/False/66_test.py', '--cov=MP2/Testing_Info/False', '--cov-report=json:MP2/Coverage/False/66_report.json']
Task_ID HumanEval/66:
prompt:
You are an AI programming assistant, utilizing the DeepSeek Coder model, developed by DeepSeek Company, and you only answer questions related to computer science. For politically sensitive questions, security and privacy issues, and other non-computer science questions, you will refuse to answer.

###Instruction:
Generate a pytest test suite for the following code.
Only write the unit tests in the output. Do NOT include the text from the prompt or the instructions.

def digitSum(s):
    """Task
    Write a function that takes a string as input and returns the sum of the upper characters only'
    ASCII codes.

    Examples:
        digitSum("") => 0
        digitSum("abAB") => 131
        digitSum("abcCd") => 67
        digitSum("helloE") => 69
        digitSum("woArBld") => 131
        digitSum("aAaaaXa") => 153
    """
    if s == "": return 0
    return sum(ord(char) if char.isupper() else 0 for char in s)

###Response
response:
You are an AI programming assistant, utilizing the DeepSeek Coder model, developed by DeepSeek Company, and you only answer questions related to computer science. For politically sensitive questions, security and privacy issues, and other non-computer science questions, you will refuse to answer.

###Instruction:
Generate a pytest test suite for the following code.
Only write the unit tests in the output. Do NOT include the text from the prompt or the instructions.

def digitSum(s):
    """Task
    Write a function that takes a string as input and returns the sum of the upper characters only'
    ASCII codes.

    Examples:
        digitSum("") => 0
        digitSum("abAB") => 131
        digitSum("abcCd") => 67
        digitSum("helloE") => 69
        digitSum("woArBld") => 131
        digitSum("aAaaaXa") => 153
    """
    if s == "": return 0
    return sum(ord(char) if char.isupper() else 0 for char in s)

###Response:
def test_digitSum():
    assert digitSum("") == 0
    assert digitSum("abAB") == 131
    assert digitSum("abcCd") == 67
    assert digitSum("helloE") == 69
    assert digitSum("woArBld") == 131
    assert digitSum("aAaaaXa") == 153

coverage:
0.0
Command executed:  ['pytest', 'MP2/Testing_Info/False/104_test.py', '--cov=MP2/Testing_Info/False', '--cov-report=json:MP2/Coverage/False/104_report.json']
Task_ID HumanEval/104:
prompt:
You are an AI programming assistant, utilizing the DeepSeek Coder model, developed by DeepSeek Company, and you only answer questions related to computer science. For politically sensitive questions, security and privacy issues, and other non-computer science questions, you will refuse to answer.

###Instruction:
Generate a pytest test suite for the following code.
Only write the unit tests in the output. Do NOT include the text from the prompt or the instructions.

def unique_digits(x):
    """Given a list of positive integers x. return a sorted list of all 
    elements that hasn't any even digit.

    Note: Returned list should be sorted in increasing order.
    
    For example:
    >>> unique_digits([15, 33, 1422, 1])
    [1, 15, 33]
    >>> unique_digits([152, 323, 1422, 10])
    []
    """
    odd_digit_elements = []
    for i in x:
        if all (int(c) % 2 == 1 for c in str(i)):
            odd_digit_elements.append(i)
    return sorted(odd_digit_elements)

###Response
response:
You are an AI programming assistant, utilizing the DeepSeek Coder model, developed by DeepSeek Company, and you only answer questions related to computer science. For politically sensitive questions, security and privacy issues, and other non-computer science questions, you will refuse to answer.

###Instruction:
Generate a pytest test suite for the following code.
Only write the unit tests in the output. Do NOT include the text from the prompt or the instructions.

def unique_digits(x):
    """Given a list of positive integers x. return a sorted list of all 
    elements that hasn't any even digit.

    Note: Returned list should be sorted in increasing order.
    
    For example:
    >>> unique_digits([15, 33, 1422, 1])
    [1, 15, 33]
    >>> unique_digits([152, 323, 1422, 10])
    []
    """
    odd_digit_elements = []
    for i in x:
        if all (int(c) % 2 == 1 for c in str(i)):
            odd_digit_elements.append(i)
    return sorted(odd_digit_elements)

###Response:
def test_unique_digits():
    assert unique_digits([15, 33, 1422, 1]) == [1, 15, 33]
    assert unique_digits([152, 323, 1422, 10]) == []
    assert unique_digits([111, 222, 333, 444]) == []
    assert unique_digits([113, 225, 337, 449]) == [113, 225, 337, 449]
    assert unique_digits([1111, 2222, 3333, 4444]) == [1111, 2222, 3333, 4444]
    assert unique_digits([112, 224, 336, 448]) == []
    assert unique_digits([11111, 22222, 33333, 44444]) == []
    assert unique_digits([111111, 222222, 333333, 444444]) == [111111, 222222, 333333, 444444]
    assert unique_digits([1111111, 2222222, 3333333, 4444444]) == []
    assert unique_digits([11111111, 22222222, 33333333, 44444444]) == [11111111, 22222222, 33333333, 44444444]

coverage:
0.0
Command executed:  ['pytest', 'MP2/Testing_Info/False/137_test.py', '--cov=MP2/Testing_Info/False', '--cov-report=json:MP2/Coverage/False/137_report.json']
Task_ID HumanEval/137:
prompt:
You are an AI programming assistant, utilizing the DeepSeek Coder model, developed by DeepSeek Company, and you only answer questions related to computer science. For politically sensitive questions, security and privacy issues, and other non-computer science questions, you will refuse to answer.

###Instruction:
Generate a pytest test suite for the following code.
Only write the unit tests in the output. Do NOT include the text from the prompt or the instructions.

def compare_one(a, b):
    """
    Create a function that takes integers, floats, or strings representing
    real numbers, and returns the larger variable in its given variable type.
    Return None if the values are equal.
    Note: If a real number is represented as a string, the floating point might be . or ,

    compare_one(1, 2.5) ➞ 2.5
    compare_one(1, "2,3") ➞ "2,3"
    compare_one("5,1", "6") ➞ "6"
    compare_one("1", 1) ➞ None
    """
    temp_a, temp_b = a, b
    if isinstance(temp_a, str): temp_a = temp_a.replace(',','.')
    if isinstance(temp_b, str): temp_b = temp_b.replace(',','.')
    if float(temp_a) == float(temp_b): return None
    return a if float(temp_a) > float(temp_b) else b 

###Response
response:
You are an AI programming assistant, utilizing the DeepSeek Coder model, developed by DeepSeek Company, and you only answer questions related to computer science. For politically sensitive questions, security and privacy issues, and other non-computer science questions, you will refuse to answer.

###Instruction:
Generate a pytest test suite for the following code.
Only write the unit tests in the output. Do NOT include the text from the prompt or the instructions.

def compare_one(a, b):
    """
    Create a function that takes integers, floats, or strings representing
    real numbers, and returns the larger variable in its given variable type.
    Return None if the values are equal.
    Note: If a real number is represented as a string, the floating point might be . or ,

    compare_one(1, 2.5) ➞ 2.5
    compare_one(1, "2,3") ➞ "2,3"
    compare_one("5,1", "6") ➞ "6"
    compare_one("1", 1) ➞ None
    """
    temp_a, temp_b = a, b
    if isinstance(temp_a, str): temp_a = temp_a.replace(',','.')
    if isinstance(temp_b, str): temp_b = temp_b.replace(',','.')
    if float(temp_a) == float(temp_b): return None
    return a if float(temp_a) > float(temp_b) else b 

###Response
Here is a pytest test suite for the given code:

```python
import pytest
from your_module import compare_one

def test_compare_one():
    assert compare_one(1, 2.5) == 2.5
    assert compare_one(1, "2,3") == "2,3"
    assert compare_one("5,1", "6") == "6"
    assert compare_one("1", 1) == None
    assert compare_one(10, 2) == 10
    assert compare_one("1.5", "2,3") == "2,3"
    assert compare_one("5,1", 6) == "6"
    assert compare_one(1, "1") == None
    assert compare_one("1.2", 1) == "1.2"
    assert compare_one("1", 1.2) == "1.2"
    assert compare_one(1.2, 1) == "1.2"
    assert compare_one("1.2", "1.2") == None
```

This test suite includes a variety of test cases to ensure that the function behaves as expected. It tests a variety of inputs, including integers, floats, and strings representing real numbers. It also tests the function with different types of inputs to ensure that it can handle them correctly.

coverage:
100.0The following generation flags are not valid and may be ignored: ['temperature']. Set `TRANSFORMERS_VERBOSITY=info` for more details.
Setting `pad_token_id` to `eos_token_id`:32021 for open-end generation.
============================= test session starts ==============================
platform linux -- Python 3.12.11, pytest-8.4.1, pluggy-1.6.0
rootdir: /content/CS598JBR-Team-0/MP2
plugins: cov-6.2.1, langsmith-0.4.16, anyio-4.10.0, typeguard-4.4.4
collected 0 items

================================ tests coverage ================================
_______________ coverage: platform linux, python 3.12.11-final-0 _______________

Coverage JSON written to file MP2/Coverage/False/116_report.json
============================ no tests ran in 0.09s =============================
The following generation flags are not valid and may be ignored: ['temperature']. Set `TRANSFORMERS_VERBOSITY=info` for more details.
Setting `pad_token_id` to `eos_token_id`:32021 for open-end generation.
============================= test session starts ==============================
platform linux -- Python 3.12.11, pytest-8.4.1, pluggy-1.6.0
rootdir: /content/CS598JBR-Team-0/MP2
plugins: cov-6.2.1, langsmith-0.4.16, anyio-4.10.0, typeguard-4.4.4
collected 1 item

MP2/Testing_Info/False/0_test.py F                                       [100%]

=================================== FAILURES ===================================
___________________________ test_has_close_elements ____________________________

    def test_has_close_elements():
        assert not has_close_elements([1.0, 2.0, 3.0], 0.5)
        assert has_close_elements([1.0, 2.8, 3.0, 4.0, 5.0, 2.0], 0.3)
        assert not has_close_elements([1.0, 2.0, 3.0, 4.0, 5.0, 6.0], 0.5)
>       assert has_close_elements([1.0, 2.0, 3.0, 4.0, 5.0, 6.0], 0.4)
E       assert False
E        +  where False = has_close_elements([1.0, 2.0, 3.0, 4.0, 5.0, 6.0], 0.4)

MP2/Testing_Info/False/0_test.py:9: AssertionError
================================ tests coverage ================================
_______________ coverage: platform linux, python 3.12.11-final-0 _______________

Coverage JSON written to file MP2/Coverage/False/0_report.json
=========================== short test summary info ============================
FAILED MP2/Testing_Info/False/0_test.py::test_has_close_elements - assert False
============================== 1 failed in 0.11s ===============================
The following generation flags are not valid and may be ignored: ['temperature']. Set `TRANSFORMERS_VERBOSITY=info` for more details.
Setting `pad_token_id` to `eos_token_id`:32021 for open-end generation.
============================= test session starts ==============================
platform linux -- Python 3.12.11, pytest-8.4.1, pluggy-1.6.0
rootdir: /content/CS598JBR-Team-0/MP2
plugins: cov-6.2.1, langsmith-0.4.16, anyio-4.10.0, typeguard-4.4.4
collected 0 items

================================ tests coverage ================================
_______________ coverage: platform linux, python 3.12.11-final-0 _______________

Coverage JSON written to file MP2/Coverage/False/48_report.json
============================ no tests ran in 0.10s =============================

Command executed:  ['pytest', 'MP2/Testing_Info/False/116_test.py', '--cov=MP2/Testing_Info/False', '--cov-report=json:MP2/Coverage/False/116_report.json']
Task_ID HumanEval/116:
prompt:
You are an AI programming assistant, utilizing the DeepSeek Coder model, developed by DeepSeek Company, and you only answer questions related to computer science. For politically sensitive questions, security and privacy issues, and other non-computer science questions, you will refuse to answer.

###Instruction:
Generate a pytest test suite for the following code.
Only write the unit tests in the output. Do NOT include the text from the prompt or the instructions.

def sort_array(arr):
    """
    In this Kata, you have to sort an array of non-negative integers according to
    number of ones in their binary representation in ascending order.
    For similar number of ones, sort based on decimal value.

    It must be implemented like this:
    >>> sort_array([1, 5, 2, 3, 4]) == [1, 2, 3, 4, 5]
    >>> sort_array([-2, -3, -4, -5, -6]) == [-6, -5, -4, -3, -2]
    >>> sort_array([1, 0, 2, 3, 4]) [0, 1, 2, 3, 4]
    """
    return sorted(sorted(arr), key=lambda x: bin(x)[2:].count('1'))

###Response
response:
You are an AI programming assistant, utilizing the DeepSeek Coder model, developed by DeepSeek Company, and you only answer questions related to computer science. For politically sensitive questions, security and privacy issues, and other non-computer science questions, you will refuse to answer.

###Instruction:
Generate a pytest test suite for the following code.
Only write the unit tests in the output. Do NOT include the text from the prompt or the instructions.

def sort_array(arr):
    """
    In this Kata, you have to sort an array of non-negative integers according to
    number of ones in their binary representation in ascending order.
    For similar number of ones, sort based on decimal value.

    It must be implemented like this:
    >>> sort_array([1, 5, 2, 3, 4]) == [1, 2, 3, 4, 5]
    >>> sort_array([-2, -3, -4, -5, -6]) == [-6, -5, -4, -3, -2]
    >>> sort_array([1, 0, 2, 3, 4]) [0, 1, 2, 3, 4]
    """
    return sorted(sorted(arr), key=lambda x: bin(x)[2:].count('1'))

###Response:
def test_sort_array():
    assert sort_array([1, 5, 2, 3, 4]) == [1, 2, 3, 4, 5]
    assert sort_array([-2, -3, -4, -5, -6]) == [-6, -5, -4, -3, -2]
    assert sort_array([1, 0, 2, 3, 4]) == [0, 1, 2, 3, 4]
    assert sort_array([1024, 512, 256, 128, 64, 32, 16, 8, 4, 2, 1]) == [1, 2, 4, 8, 16, 32, 64, 128, 256, 512, 1024]
    assert sort_array([0]) == [0]
    assert sort_array([]) == []
    assert sort_array([2, 3, 1]) == [1, 2, 3]
    assert sort_array([3, 8, 3, 6, 5, 9, 1, 7, 8, 2, 4]) == [1, 2, 4, 8, 8, 3, 6, 5, 9, 3, 7]
    assert sort_array([15, 23, 13, 11, 7, 5, 3, 1]) == [1, 3, 5, 7, 11, 13, 15, 23]
    assert sort_array([12, 10, 8, 6, 4, 2]) == [2, 4, 6, 8, 10, 12]
    assert sort_array([12, 10, 8, 6, 4, 2, 0]) == [0, 2, 4, 6, 8, 10, 
coverage:
0.0
Command executed:  ['pytest', 'MP2/Testing_Info/False/0_test.py', '--cov=MP2/Testing_Info/False', '--cov-report=json:MP2/Coverage/False/0_report.json']
Task_ID HumanEval/0:
prompt:
You are an AI programming assistant, utilizing the DeepSeek Coder model, developed by DeepSeek Company, and you only answer questions related to computer science. For politically sensitive questions, security and privacy issues, and other non-computer science questions, you will refuse to answer.

###Instruction:
Generate a pytest test suite for the following code.
Only write the unit tests in the output. Do NOT include the text from the prompt or the instructions.
from typing import List


def has_close_elements(numbers: List[float], threshold: float) -> bool:
    """ Check if in given list of numbers, are any two numbers closer to each other than
    given threshold.
    >>> has_close_elements([1.0, 2.0, 3.0], 0.5)
    False
    >>> has_close_elements([1.0, 2.8, 3.0, 4.0, 5.0, 2.0], 0.3)
    True
    """
    for idx, elem in enumerate(numbers):
        for idx2, elem2 in enumerate(numbers):
            if idx != idx2:
                distance = abs(elem - elem2)
                if distance < threshold:
                    return True

    return False

###Response
response:
You are an AI programming assistant, utilizing the DeepSeek Coder model, developed by DeepSeek Company, and you only answer questions related to computer science. For politically sensitive questions, security and privacy issues, and other non-computer science questions, you will refuse to answer.

###Instruction:
Generate a pytest test suite for the following code.
Only write the unit tests in the output. Do NOT include the text from the prompt or the instructions.
from typing import List


def has_close_elements(numbers: List[float], threshold: float) -> bool:
    """ Check if in given list of numbers, are any two numbers closer to each other than
    given threshold.
    >>> has_close_elements([1.0, 2.0, 3.0], 0.5)
    False
    >>> has_close_elements([1.0, 2.8, 3.0, 4.0, 5.0, 2.0], 0.3)
    True
    """
    for idx, elem in enumerate(numbers):
        for idx2, elem2 in enumerate(numbers):
            if idx != idx2:
                distance = abs(elem - elem2)
                if distance < threshold:
                    return True

    return False

###Response:
Here is a pytest test suite for the given code:

```python
import pytest
from your_module import has_close_elements  # replace with your actual module name


def test_has_close_elements():
    assert not has_close_elements([1.0, 2.0, 3.0], 0.5)
    assert has_close_elements([1.0, 2.8, 3.0, 4.0, 5.0, 2.0], 0.3)
    assert not has_close_elements([1.0, 2.0, 3.0, 4.0, 5.0, 6.0], 0.5)
    assert has_close_elements([1.0, 2.0, 3.0, 4.0, 5.0, 6.0], 0.4)
    assert not has_close_elements([1.0, 2.0, 3.0, 4.0, 5.0, 6.0], 0.2)
    assert has_close_elements([1.0, 2.0, 3.0, 4.0, 5.0, 6.0], 0.1)
```

This suite includes a variety of test cases to cover a wide range of scenarios. It tests the function with various inputs and thresholds, including edge cases where the threshold is close to zero.

coverage:
100.0
Command executed:  ['pytest', 'MP2/Testing_Info/False/48_test.py', '--cov=MP2/Testing_Info/False', '--cov-report=json:MP2/Coverage/False/48_report.json']
Task_ID HumanEval/48:
prompt:
You are an AI programming assistant, utilizing the DeepSeek Coder model, developed by DeepSeek Company, and you only answer questions related to computer science. For politically sensitive questions, security and privacy issues, and other non-computer science questions, you will refuse to answer.

###Instruction:
Generate a pytest test suite for the following code.
Only write the unit tests in the output. Do NOT include the text from the prompt or the instructions.


def is_palindrome(text: str):
    """
    Checks if given string is a palindrome
    >>> is_palindrome('')
    True
    >>> is_palindrome('aba')
    True
    >>> is_palindrome('aaaaa')
    True
    >>> is_palindrome('zbcd')
    False
    """
    for i in range(len(text)):
        if text[i] != text[len(text) - 1 - i]:
            return False
    return True

###Response
response:
You are an AI programming assistant, utilizing the DeepSeek Coder model, developed by DeepSeek Company, and you only answer questions related to computer science. For politically sensitive questions, security and privacy issues, and other non-computer science questions, you will refuse to answer.

###Instruction:
Generate a pytest test suite for the following code.
Only write the unit tests in the output. Do NOT include the text from the prompt or the instructions.


def is_palindrome(text: str):
    """
    Checks if given string is a palindrome
    >>> is_palindrome('')
    True
    >>> is_palindrome('aba')
    True
    >>> is_palindrome('aaaaa')
    True
    >>> is_palindrome('zbcd')
    False
    """
    for i in range(len(text)):
        if text[i] != text[len(text) - 1 - i]:
            return False
    return True

###Response
import pytest

def is_palindrome(text: str):
    """
    Checks if given string is a palindrome
    """
    for i in range(len(text)):
        if text[i] != text[len(text) - 1 - i]:
            return False
    return True

def test_is_palindrome():
    assert is_palindrome('') == True
    assert is_palindrome('aba') == True
    assert is_palindrome('aaaaa') == True
    assert is_palindrome('zbcd') == False
    assert is_palindrome('a') == True
    assert is_palindrome('abcba') == True
    assert is_palindrome('abcd') == False
    assert is_palindrome('12321') == True
    assert is_palindrome('12345') == False
    assert is_palindrome('aaaab') == False
    assert is_palindrome('baaab') == False
    assert is_palindrome('baab') == True
    assert is_palindrome('baabaa') == False
    assert is_palindrome('aabaa') == False
    assert is_palindrome('a') == True
    assert is_palindrome('aa') == True
    assert is_palindrome('ab') == False
    assert is_palindrome('11111') == True
    assert is_palindrome('1221') == True
    assert is_palindrome('123321') == True
    assert is_palindrome('1234321') == True
    assert is_palindrome('12344321') == True
    assert is_palindrome('1234554321') == True
    assert is_palindrome('12345654321') == True
    assert is_palindrome('123456754321') == True
    assert is_palindrome('123
coverage:
0.0The following generation flags are not valid and may be ignored: ['temperature']. Set `TRANSFORMERS_VERBOSITY=info` for more details.
Setting `pad_token_id` to `eos_token_id`:32021 for open-end generation.
============================= test session starts ==============================
platform linux -- Python 3.12.11, pytest-8.4.1, pluggy-1.6.0
rootdir: /content/CS598JBR-Team-0/MP2
plugins: cov-6.2.1, langsmith-0.4.16, anyio-4.10.0, typeguard-4.4.4
collected 1 item

MP2/Testing_Info/False/86_test.py F                                      [100%]

=================================== FAILURES ===================================
______________________________ test_anti_shuffle _______________________________

    def test_anti_shuffle():
        assert anti_shuffle('Hi') == 'Hi'
        assert anti_shuffle('hello') == 'ehllo'
        assert anti_shuffle('Hello World!!!') == 'Hello !!!Wdlor'
        assert anti_shuffle('') == ''
        assert anti_shuffle('a') == 'a'
        assert anti_shuffle('Aa') == 'Aa'
        assert anti_shuffle('A B C') == 'A B C'
        assert anti_shuffle('Aa Bb Cc') == 'Aa Bb Cc'
        assert anti_shuffle('123') == '123'
        assert anti_shuffle('1 2 3') == '1 2 3'
        assert anti_shuffle('123 456') == '123 456'
>       assert anti_shuffle('A1 B2 C3') == 'A1 B2 C3'
E       AssertionError: assert '1A 2B 3C' == 'A1 B2 C3'
E         
E         - A1 B2 C3
E         + 1A 2B 3C

MP2/Testing_Info/False/86_test.py:16: AssertionError
================================ tests coverage ================================
_______________ coverage: platform linux, python 3.12.11-final-0 _______________

Coverage JSON written to file MP2/Coverage/False/86_report.json
=========================== short test summary info ============================
FAILED MP2/Testing_Info/False/86_test.py::test_anti_shuffle - AssertionError:...
============================== 1 failed in 0.20s ===============================
The following generation flags are not valid and may be ignored: ['temperature']. Set `TRANSFORMERS_VERBOSITY=info` for more details.
Setting `pad_token_id` to `eos_token_id`:32021 for open-end generation.
============================= test session starts ==============================
platform linux -- Python 3.12.11, pytest-8.4.1, pluggy-1.6.0
rootdir: /content/CS598JBR-Team-0/MP2
plugins: cov-6.2.1, langsmith-0.4.16, anyio-4.10.0, typeguard-4.4.4
collected 1 item

MP2/Testing_Info/False/20_test.py F                                      [100%]

=================================== FAILURES ===================================
__________________________ test_find_closest_elements __________________________

    def test_find_closest_elements():
        assert find_closest_elements([1.0, 2.0, 3.0, 4.0, 5.0, 2.2]) == (2.0, 2.2)
        assert find_closest_elements([1.0, 2.0, 3.0, 4.0, 5.0, 2.0]) == (2.0, 2.0)
        assert find_closest_elements([1.0, 2.0, 3.0, 4.0, 5.0, 6.0]) == (1.0, 2.0)
        assert find_closest_elements([1.0, 2.0, 3.0, 4.0, 5.0, 0.5]) == (0.5, 1.0)
>       assert find_closest_elements([1.0, 2.0, 3.0, 4.0, 5.0, -2.0]) == (-2.0, 1.0)
E       assert (1.0, 2.0) == (-2.0, 1.0)
E         
E         At index 0 diff: 1.0 != -2.0
E         Use -v to get more diff

MP2/Testing_Info/False/20_test.py:9: AssertionError
================================ tests coverage ================================
_______________ coverage: platform linux, python 3.12.11-final-0 _______________

Coverage JSON written to file MP2/Coverage/False/20_report.json
=========================== short test summary info ============================
FAILED MP2/Testing_Info/False/20_test.py::test_find_closest_elements - assert...
============================== 1 failed in 0.14s ===============================
The following generation flags are not valid and may be ignored: ['temperature']. Set `TRANSFORMERS_VERBOSITY=info` for more details.
Setting `pad_token_id` to `eos_token_id`:32021 for open-end generation.
============================= test session starts ==============================
platform linux -- Python 3.12.11, pytest-8.4.1, pluggy-1.6.0
rootdir: /content/CS598JBR-Team-0/MP2
plugins: cov-6.2.1, langsmith-0.4.16, anyio-4.10.0, typeguard-4.4.4
collected 1 item

MP2/Testing_Info/False/83_test.py F                                      [100%]

=================================== FAILURES ===================================
_____________________________ test_starts_one_ends _____________________________

    def test_starts_one_ends():
        assert starts_one_ends(1) == 1
        assert starts_one_ends(2) == 18
        assert starts_one_ends(3) == 180
        assert starts_one_ends(4) == 1800
        assert starts_one_ends(5) == 18000
    
>       with pytest.raises(ValueError):
             ^^^^^^^^^^^^^^^^^^^^^^^^^
E       Failed: DID NOT RAISE <class 'ValueError'>

MP2/Testing_Info/False/83_test.py:11: Failed
================================ tests coverage ================================
_______________ coverage: platform linux, python 3.12.11-final-0 _______________

Coverage JSON written to file MP2/Coverage/False/83_report.json
=========================== short test summary info ============================
FAILED MP2/Testing_Info/False/83_test.py::test_starts_one_ends - Failed: DID ...
============================== 1 failed in 0.13s ===============================

Command executed:  ['pytest', 'MP2/Testing_Info/False/86_test.py', '--cov=MP2/Testing_Info/False', '--cov-report=json:MP2/Coverage/False/86_report.json']
Task_ID HumanEval/86:
prompt:
You are an AI programming assistant, utilizing the DeepSeek Coder model, developed by DeepSeek Company, and you only answer questions related to computer science. For politically sensitive questions, security and privacy issues, and other non-computer science questions, you will refuse to answer.

###Instruction:
Generate a pytest test suite for the following code.
Only write the unit tests in the output. Do NOT include the text from the prompt or the instructions.

def anti_shuffle(s):
    """
    Write a function that takes a string and returns an ordered version of it.
    Ordered version of string, is a string where all words (separated by space)
    are replaced by a new word where all the characters arranged in
    ascending order based on ascii value.
    Note: You should keep the order of words and blank spaces in the sentence.

    For example:
    anti_shuffle('Hi') returns 'Hi'
    anti_shuffle('hello') returns 'ehllo'
    anti_shuffle('Hello World!!!') returns 'Hello !!!Wdlor'
    """
    return ' '.join([''.join(sorted(list(i))) for i in s.split(' ')])

###Response
response:
You are an AI programming assistant, utilizing the DeepSeek Coder model, developed by DeepSeek Company, and you only answer questions related to computer science. For politically sensitive questions, security and privacy issues, and other non-computer science questions, you will refuse to answer.

###Instruction:
Generate a pytest test suite for the following code.
Only write the unit tests in the output. Do NOT include the text from the prompt or the instructions.

def anti_shuffle(s):
    """
    Write a function that takes a string and returns an ordered version of it.
    Ordered version of string, is a string where all words (separated by space)
    are replaced by a new word where all the characters arranged in
    ascending order based on ascii value.
    Note: You should keep the order of words and blank spaces in the sentence.

    For example:
    anti_shuffle('Hi') returns 'Hi'
    anti_shuffle('hello') returns 'ehllo'
    anti_shuffle('Hello World!!!') returns 'Hello !!!Wdlor'
    """
    return ' '.join([''.join(sorted(list(i))) for i in s.split(' ')])

###Response:
Here is a pytest test suite for the given code:

```python
import pytest
from your_module import anti_shuffle  # replace 'your_module' with the name of the module where the function is defined

def test_anti_shuffle():
    assert anti_shuffle('Hi') == 'Hi'
    assert anti_shuffle('hello') == 'ehllo'
    assert anti_shuffle('Hello World!!!') == 'Hello !!!Wdlor'
    assert anti_shuffle('') == ''
    assert anti_shuffle('a') == 'a'
    assert anti_shuffle('Aa') == 'Aa'
    assert anti_shuffle('A B C') == 'A B C'
    assert anti_shuffle('Aa Bb Cc') == 'Aa Bb Cc'
    assert anti_shuffle('123') == '123'
    assert anti_shuffle('1 2 3') == '1 2 3'
    assert anti_shuffle('123 456') == '123 456'
    assert anti_shuffle('A1 B2 C3') == 'A1 B2 C3'
    assert anti_shuffle('A1 B2 C3   D4 E5 F6') == 'A1 B2 C3   D4 E5 F6'
```

Please replace 'your_module' with the actual name of the module where the function is defined. This test suite covers a variety of cases, including empty strings, single-character strings, strings with multiple spaces, and strings with different character types (uppercase, lowercase, numbers, special characters).

coverage:
100.0
Command executed:  ['pytest', 'MP2/Testing_Info/False/20_test.py', '--cov=MP2/Testing_Info/False', '--cov-report=json:MP2/Coverage/False/20_report.json']
Task_ID HumanEval/20:
prompt:
You are an AI programming assistant, utilizing the DeepSeek Coder model, developed by DeepSeek Company, and you only answer questions related to computer science. For politically sensitive questions, security and privacy issues, and other non-computer science questions, you will refuse to answer.

###Instruction:
Generate a pytest test suite for the following code.
Only write the unit tests in the output. Do NOT include the text from the prompt or the instructions.
from typing import List, Tuple


def find_closest_elements(numbers: List[float]) -> Tuple[float, float]:
    """ From a supplied list of numbers (of length at least two) select and return two that are the closest to each
    other and return them in order (smaller number, larger number).
    >>> find_closest_elements([1.0, 2.0, 3.0, 4.0, 5.0, 2.2])
    (2.0, 2.2)
    >>> find_closest_elements([1.0, 2.0, 3.0, 4.0, 5.0, 2.0])
    (2.0, 2.0)
    """
    closest_pair = None
    distance = None

    for idx, elem in enumerate(numbers):
        for idx2, elem2 in enumerate(numbers):
            if idx != idx2:
                if distance is None:
                    distance = abs(elem - elem2)
                    closest_pair = tuple(sorted([elem, elem2]))
                else:
                    new_distance = abs(elem - elem2)
                    if new_distance < distance:
                        distance = new_distance
                        closest_pair = tuple(sorted([elem, elem2]))

    return closest_pair

###Response
response:
You are an AI programming assistant, utilizing the DeepSeek Coder model, developed by DeepSeek Company, and you only answer questions related to computer science. For politically sensitive questions, security and privacy issues, and other non-computer science questions, you will refuse to answer.

###Instruction:
Generate a pytest test suite for the following code.
Only write the unit tests in the output. Do NOT include the text from the prompt or the instructions.
from typing import List, Tuple


def find_closest_elements(numbers: List[float]) -> Tuple[float, float]:
    """ From a supplied list of numbers (of length at least two) select and return two that are the closest to each
    other and return them in order (smaller number, larger number).
    >>> find_closest_elements([1.0, 2.0, 3.0, 4.0, 5.0, 2.2])
    (2.0, 2.2)
    >>> find_closest_elements([1.0, 2.0, 3.0, 4.0, 5.0, 2.0])
    (2.0, 2.0)
    """
    closest_pair = None
    distance = None

    for idx, elem in enumerate(numbers):
        for idx2, elem2 in enumerate(numbers):
            if idx != idx2:
                if distance is None:
                    distance = abs(elem - elem2)
                    closest_pair = tuple(sorted([elem, elem2]))
                else:
                    new_distance = abs(elem - elem2)
                    if new_distance < distance:
                        distance = new_distance
                        closest_pair = tuple(sorted([elem, elem2]))

    return closest_pair

###Response:
Here is a pytest test suite for the given code:

```python
import pytest
from your_module import find_closest_elements

def test_find_closest_elements():
    assert find_closest_elements([1.0, 2.0, 3.0, 4.0, 5.0, 2.2]) == (2.0, 2.2)
    assert find_closest_elements([1.0, 2.0, 3.0, 4.0, 5.0, 2.0]) == (2.0, 2.0)
    assert find_closest_elements([1.0, 2.0, 3.0, 4.0, 5.0, 6.0]) == (1.0, 2.0)
    assert find_closest_elements([1.0, 2.0, 3.0, 4.0, 5.0, 0.5]) == (0.5, 1.0)
    assert find_closest_elements([1.0, 2.0, 3.0, 4.0, 5.0, -2.0]) == (-2.0, 1.0)
    assert find_closest_elements([1.0, 2.0, 3.0, 4.0, 5.0, 1.5]) == (1.5, 2.0)
    assert find_closest_elements([1.0, 2.0, 3.0, 4.0, 5.0, 2.5]) == (2.0, 2.5)
    assert find_closest_elements([1.0, 2.0, 3.0, 4.0, 5.0, 1.9]) == (1.9, 2.0)
```

Please replace `your_module` with the actual name of the module where the `find_closest_elements` function is defined.

coverage:
100.0
Command executed:  ['pytest', 'MP2/Testing_Info/False/83_test.py', '--cov=MP2/Testing_Info/False', '--cov-report=json:MP2/Coverage/False/83_report.json']
Task_ID HumanEval/83:
prompt:
You are an AI programming assistant, utilizing the DeepSeek Coder model, developed by DeepSeek Company, and you only answer questions related to computer science. For politically sensitive questions, security and privacy issues, and other non-computer science questions, you will refuse to answer.

###Instruction:
Generate a pytest test suite for the following code.
Only write the unit tests in the output. Do NOT include the text from the prompt or the instructions.

def starts_one_ends(n):
    """
    Given a positive integer n, return the count of the numbers of n-digit
    positive integers that start or end with 1.
    """
    if n == 1: return 1
    return 18 * (10 ** (n - 2))

###Response
response:
You are an AI programming assistant, utilizing the DeepSeek Coder model, developed by DeepSeek Company, and you only answer questions related to computer science. For politically sensitive questions, security and privacy issues, and other non-computer science questions, you will refuse to answer.

###Instruction:
Generate a pytest test suite for the following code.
Only write the unit tests in the output. Do NOT include the text from the prompt or the instructions.

def starts_one_ends(n):
    """
    Given a positive integer n, return the count of the numbers of n-digit
    positive integers that start or end with 1.
    """
    if n == 1: return 1
    return 18 * (10 ** (n - 2))

###Response:
Sure, here is a pytest test suite for the given function:

```python
import pytest
from your_module import starts_one_ends  # replace with your actual module name

def test_starts_one_ends():
    assert starts_one_ends(1) == 1
    assert starts_one_ends(2) == 18
    assert starts_one_ends(3) == 180
    assert starts_one_ends(4) == 1800
    assert starts_one_ends(5) == 18000

    with pytest.raises(ValueError):
        starts_one_ends(0)

    with pytest.raises(ValueError):
        starts_one_ends(-1)
```

This test suite includes a few different test cases for the function `starts_one_ends`. It checks that the function returns the correct number of n-digit positive integers that start or end with 1 for different values of n. It also checks that the function raises a `ValueError` when given a non-positive integer.

coverage:
100.0The following generation flags are not valid and may be ignored: ['temperature']. Set `TRANSFORMERS_VERBOSITY=info` for more details.
Setting `pad_token_id` to `eos_token_id`:32021 for open-end generation.
============================= test session starts ==============================
platform linux -- Python 3.12.11, pytest-8.4.1, pluggy-1.6.0
rootdir: /content/CS598JBR-Team-0/MP2
plugins: cov-6.2.1, langsmith-0.4.16, anyio-4.10.0, typeguard-4.4.4
collected 0 items

================================ tests coverage ================================
_______________ coverage: platform linux, python 3.12.11-final-0 _______________

Coverage JSON written to file MP2/Coverage/False/2_report.json
============================ no tests ran in 0.12s =============================
The following generation flags are not valid and may be ignored: ['temperature']. Set `TRANSFORMERS_VERBOSITY=info` for more details.
Setting `pad_token_id` to `eos_token_id`:32021 for open-end generation.
============================= test session starts ==============================
platform linux -- Python 3.12.11, pytest-8.4.1, pluggy-1.6.0
rootdir: /content/CS598JBR-Team-0/MP2
plugins: cov-6.2.1, langsmith-0.4.16, anyio-4.10.0, typeguard-4.4.4
collected 0 items

================================ tests coverage ================================
_______________ coverage: platform linux, python 3.12.11-final-0 _______________

Coverage JSON written to file MP2/Coverage/False/41_report.json
============================ no tests ran in 0.12s =============================

Command executed:  ['pytest', 'MP2/Testing_Info/False/2_test.py', '--cov=MP2/Testing_Info/False', '--cov-report=json:MP2/Coverage/False/2_report.json']
Task_ID HumanEval/2:
prompt:
You are an AI programming assistant, utilizing the DeepSeek Coder model, developed by DeepSeek Company, and you only answer questions related to computer science. For politically sensitive questions, security and privacy issues, and other non-computer science questions, you will refuse to answer.

###Instruction:
Generate a pytest test suite for the following code.
Only write the unit tests in the output. Do NOT include the text from the prompt or the instructions.


def truncate_number(number: float) -> float:
    """ Given a positive floating point number, it can be decomposed into
    and integer part (largest integer smaller than given number) and decimals
    (leftover part always smaller than 1).

    Return the decimal part of the number.
    >>> truncate_number(3.5)
    0.5
    """
    return number % 1.0

###Response
response:
You are an AI programming assistant, utilizing the DeepSeek Coder model, developed by DeepSeek Company, and you only answer questions related to computer science. For politically sensitive questions, security and privacy issues, and other non-computer science questions, you will refuse to answer.

###Instruction:
Generate a pytest test suite for the following code.
Only write the unit tests in the output. Do NOT include the text from the prompt or the instructions.


def truncate_number(number: float) -> float:
    """ Given a positive floating point number, it can be decomposed into
    and integer part (largest integer smaller than given number) and decimals
    (leftover part always smaller than 1).

    Return the decimal part of the number.
    >>> truncate_number(3.5)
    0.5
    """
    return number % 1.0

###Response:
def test_truncate_number():
    assert truncate_number(3.5) == 0.5
    assert truncate_number(4.2) == 0.2
    assert truncate_number(0.7) == 0.7
    assert truncate_number(1) == 0
    assert truncate_number(1.9999) == 0.9999
    assert truncate_number(10.1234) == 0.1234
    assert truncate_number(100.0001) == 0.0001
    assert truncate_number(123456789.987654321) == 0.987654321
    assert truncate_number(0.000000001) == 0.000000001
    assert truncate_number(9876543210.123456789) == 0.123456789

coverage:
0.0
Command executed:  ['pytest', 'MP2/Testing_Info/False/41_test.py', '--cov=MP2/Testing_Info/False', '--cov-report=json:MP2/Coverage/False/41_report.json']
Task_ID HumanEval/41:
prompt:
You are an AI programming assistant, utilizing the DeepSeek Coder model, developed by DeepSeek Company, and you only answer questions related to computer science. For politically sensitive questions, security and privacy issues, and other non-computer science questions, you will refuse to answer.

###Instruction:
Generate a pytest test suite for the following code.
Only write the unit tests in the output. Do NOT include the text from the prompt or the instructions.


def car_race_collision(n: int):
    """
    Imagine a road that's a perfectly straight infinitely long line.
    n cars are driving left to right;  simultaneously, a different set of n cars
    are driving right to left.   The two sets of cars start out being very far from
    each other.  All cars move in the same speed.  Two cars are said to collide
    when a car that's moving left to right hits a car that's moving right to left.
    However, the cars are infinitely sturdy and strong; as a result, they continue moving
    in their trajectory as if they did not collide.

    This function outputs the number of such collisions.
    """
    return n**2

###Response
response:
You are an AI programming assistant, utilizing the DeepSeek Coder model, developed by DeepSeek Company, and you only answer questions related to computer science. For politically sensitive questions, security and privacy issues, and other non-computer science questions, you will refuse to answer.

###Instruction:
Generate a pytest test suite for the following code.
Only write the unit tests in the output. Do NOT include the text from the prompt or the instructions.


def car_race_collision(n: int):
    """
    Imagine a road that's a perfectly straight infinitely long line.
    n cars are driving left to right;  simultaneously, a different set of n cars
    are driving right to left.   The two sets of cars start out being very far from
    each other.  All cars move in the same speed.  Two cars are said to collide
    when a car that's moving left to right hits a car that's moving right to left.
    However, the cars are infinitely sturdy and strong; as a result, they continue moving
    in their trajectory as if they did not collide.

    This function outputs the number of such collisions.
    """
    return n**2

###Response:
def test_car_race_collision():
    assert car_race_collision(0) == 0
    assert car_race_collision(1) == 1
    assert car_race_collision(2) == 4
    assert car_race_collision(3) == 9
    assert car_race_collision(4) == 16
    assert car_race_collision(5) == 25
    assert car_race_collision(10) == 100
    assert car_race_collision(20) == 400
    assert car_race_collision(100) == 10000

coverage:
0.0
